<?xml version="1.0" encoding="UTF-8"?><testsuite failures="0" name="cucumber.runtime.formatter.JUnitFormatter" skipped="0" tests="1" time="8.749812">
<testcase classname="Free CRM Login Feature" name="Free CRM Login Test Scenario" time="8.749812">
<system-out><![CDATA[Given user is already on Login Page.........................................passed
When title of login page is Free CRM........................................passed
Then user enters username and password......................................passed
Then user clicks on login button............................................passed
Then user is on home page...................................................passed
Then Close the browser......................................................passed
]]></system-out>
</testcase>
</testsuite>
