<?xml version="1.0" encoding="UTF-8"?><testsuite failures="0" name="cucumber.runtime.formatter.JUnitFormatter" skipped="0" tests="1" time="9.720159">
<testcase classname="Free CRM Login Feature" name="Free CRM Login Test Scenario" time="9.720159">
<system-out><![CDATA[Given User is already on login page.........................................passed
When title of login page is Free CRM........................................passed
Then user enters "abhijeet.g7882@gmail.com" and "Test12345".................passed
Then user clicks on login button............................................passed
Then user is on home page...................................................passed
]]></system-out>
</testcase>
</testsuite>
